<?xml version="1.0" encoding="UTF-8"?>
<!-- Generated by org.testng.reporters.JUnitReportReporter -->
<testsuite hostname="DESKTOP-RCHGCD2" failures="0" tests="1" name="testcase.Testcase1" time="3.220" errors="0" timestamp="2023-01-03T03:20:02 EST" skipped="0">
  <testcase classname="testcase.Testcase1" name="test1" time="3.220"/>
  <system-out/>
</testsuite> <!-- testcase.Testcase1 -->
