<?xml version="1.0" encoding="UTF-8"?>
<!-- Generated by org.testng.reporters.JUnitReportReporter -->
<testsuite hostname="DESKTOP-RCHGCD2" failures="0" tests="2" name="testcase.Testcase1" time="7.846" errors="0" timestamp="2023-01-04T13:41:08 EST" skipped="0">
  <testcase classname="testcase.Testcase1" name="test2" time="2.136"/>
  <system-out/>
  <testcase classname="testcase.Testcase1" name="test1" time="5.710"/>
  <system-out/>
</testsuite> <!-- testcase.Testcase1 -->
