<?xml version="1.0" encoding="UTF-8"?>
<!-- Generated by org.testng.reporters.JUnitReportReporter -->
<testsuite hostname="DESKTOP-RCHGCD2" failures="0" tests="2" name="testcase.Testcase1" time="5.075" errors="0" timestamp="2023-01-03T03:59:36 EST" skipped="0">
  <testcase classname="testcase.Testcase1" name="test1" time="1.946"/>
  <system-out/>
  <testcase classname="testcase.Testcase1" name="test2" time="3.129"/>
  <system-out/>
</testsuite> <!-- testcase.Testcase1 -->
